<?xml version="1.0" encoding="UTF-8"?>
<!-- Generated by org.testng.reporters.JUnitReportReporter -->
<testsuite skipped="0" hostname="Dev-1003" name="Files.DynamicJson" tests="3" failures="0" timestamp="05 Sep 2020 11:02:25 GMT" time="4.315" errors="0">
  <testcase name="addBook" time="0.360" classname="Files.DynamicJson"/>
  <testcase name="addBook" time="3.625" classname="Files.DynamicJson"/>
  <testcase name="addBook" time="0.330" classname="Files.DynamicJson"/>
</testsuite> <!-- Files.DynamicJson -->
