<?xml version="1.0" encoding="UTF-8"?>
<!-- Generated by org.testng.reporters.JUnitReportReporter -->
<testsuite skipped="0" hostname="Dev-1003" name="SumValidation" tests="1" failures="0" timestamp="05 Sep 2020 07:19:11 GMT" time="2.698" errors="0">
  <testcase name="sumOfCourses" time="2.698" classname="SumValidation"/>
</testsuite> <!-- SumValidation -->
